<?xml version="1.0" encoding="UTF-8"?>
<!-- Generated by org.testng.reporters.JUnitXMLReporter -->
<testsuite hostname="DESKTOP-LVFEJFV" ignored="0" name="Default test" tests="4" failures="0" timestamp="24 五月 2017 05:35:29 GMT" time="40.623" errors="0">
  <testcase name="Step01" time="5.716" classname="TechoSoft.TEST.TC903UserEntry"/>
  <testcase name="Step02" time="3.425" classname="TechoSoft.TEST.TC903UserEntry"/>
  <testcase name="Step03" time="3.504" classname="TechoSoft.TEST.TC903UserEntry"/>
  <testcase name="Step04" time="18.725" classname="TechoSoft.TEST.TC903UserEntry"/>
</testsuite> <!-- Default test -->
