<?xml version="1.0" encoding="UTF-8"?>
<testng-results skipped="0" failed="0" ignored="0" total="4" passed="4">
  <reporter-output>
  </reporter-output>
  <suite name="Default suite" duration-ms="40623" started-at="2017-05-24T05:34:48Z" finished-at="2017-05-24T05:35:28Z">
    <groups>
    </groups>
    <test name="Default test" duration-ms="40623" started-at="2017-05-24T05:34:48Z" finished-at="2017-05-24T05:35:28Z">
      <class name="TechoSoft.TEST.TC903UserEntry">
        <test-method status="PASS" signature="beforeClass()[pri:0, instance:TechoSoft.TEST.TC903UserEntry@6093dd95]" name="beforeClass" is-config="true" duration-ms="5161" started-at="2017-05-23T22:34:48Z" finished-at="2017-05-23T22:34:53Z">
          <reporter-output>
          </reporter-output>
        </test-method> <!-- beforeClass -->
        <test-method status="PASS" signature="beforeMethod()[pri:0, instance:TechoSoft.TEST.TC903UserEntry@6093dd95]" name="beforeMethod" is-config="true" duration-ms="2821" started-at="2017-05-23T22:34:53Z" finished-at="2017-05-23T22:34:56Z">
          <reporter-output>
          </reporter-output>
        </test-method> <!-- beforeMethod -->
        <test-method status="PASS" signature="Step01()[pri:0, instance:TechoSoft.TEST.TC903UserEntry@6093dd95]" name="Step01" duration-ms="5716" started-at="2017-05-23T22:34:56Z" finished-at="2017-05-23T22:35:02Z">
          <reporter-output>
          </reporter-output>
        </test-method> <!-- Step01 -->
        <test-method status="PASS" signature="afterMethod()[pri:0, instance:TechoSoft.TEST.TC903UserEntry@6093dd95]" name="afterMethod" is-config="true" duration-ms="0" started-at="2017-05-23T22:35:02Z" finished-at="2017-05-23T22:35:02Z">
          <reporter-output>
          </reporter-output>
        </test-method> <!-- afterMethod -->
        <test-method status="PASS" signature="beforeMethod()[pri:0, instance:TechoSoft.TEST.TC903UserEntry@6093dd95]" name="beforeMethod" is-config="true" duration-ms="422" started-at="2017-05-23T22:35:02Z" finished-at="2017-05-23T22:35:02Z">
          <reporter-output>
          </reporter-output>
        </test-method> <!-- beforeMethod -->
        <test-method status="PASS" signature="Step02()[pri:0, instance:TechoSoft.TEST.TC903UserEntry@6093dd95]" name="Step02" duration-ms="3425" started-at="2017-05-23T22:35:02Z" finished-at="2017-05-23T22:35:05Z">
          <reporter-output>
          </reporter-output>
        </test-method> <!-- Step02 -->
        <test-method status="PASS" signature="afterMethod()[pri:0, instance:TechoSoft.TEST.TC903UserEntry@6093dd95]" name="afterMethod" is-config="true" duration-ms="2" started-at="2017-05-23T22:35:05Z" finished-at="2017-05-23T22:35:05Z">
          <reporter-output>
          </reporter-output>
        </test-method> <!-- afterMethod -->
        <test-method status="PASS" signature="beforeMethod()[pri:0, instance:TechoSoft.TEST.TC903UserEntry@6093dd95]" name="beforeMethod" is-config="true" duration-ms="422" started-at="2017-05-23T22:35:05Z" finished-at="2017-05-23T22:35:06Z">
          <reporter-output>
          </reporter-output>
        </test-method> <!-- beforeMethod -->
        <test-method status="PASS" signature="Step03()[pri:0, instance:TechoSoft.TEST.TC903UserEntry@6093dd95]" name="Step03" duration-ms="3504" started-at="2017-05-23T22:35:06Z" finished-at="2017-05-23T22:35:09Z">
          <reporter-output>
          </reporter-output>
        </test-method> <!-- Step03 -->
        <test-method status="PASS" signature="afterMethod()[pri:0, instance:TechoSoft.TEST.TC903UserEntry@6093dd95]" name="afterMethod" is-config="true" duration-ms="0" started-at="2017-05-23T22:35:09Z" finished-at="2017-05-23T22:35:09Z">
          <reporter-output>
          </reporter-output>
        </test-method> <!-- afterMethod -->
        <test-method status="PASS" signature="beforeMethod()[pri:0, instance:TechoSoft.TEST.TC903UserEntry@6093dd95]" name="beforeMethod" is-config="true" duration-ms="374" started-at="2017-05-23T22:35:09Z" finished-at="2017-05-23T22:35:10Z">
          <reporter-output>
          </reporter-output>
        </test-method> <!-- beforeMethod -->
        <test-method status="PASS" signature="Step04()[pri:0, instance:TechoSoft.TEST.TC903UserEntry@6093dd95]" name="Step04" duration-ms="18725" started-at="2017-05-23T22:35:10Z" finished-at="2017-05-23T22:35:28Z">
          <reporter-output>
          </reporter-output>
        </test-method> <!-- Step04 -->
        <test-method status="PASS" signature="afterMethod()[pri:0, instance:TechoSoft.TEST.TC903UserEntry@6093dd95]" name="afterMethod" is-config="true" duration-ms="0" started-at="2017-05-23T22:35:28Z" finished-at="2017-05-23T22:35:28Z">
          <reporter-output>
          </reporter-output>
        </test-method> <!-- afterMethod -->
        <test-method status="PASS" signature="afterClass()[pri:0, instance:TechoSoft.TEST.TC903UserEntry@6093dd95]" name="afterClass" is-config="true" duration-ms="0" started-at="2017-05-23T22:35:28Z" finished-at="2017-05-23T22:35:28Z">
          <reporter-output>
          </reporter-output>
        </test-method> <!-- afterClass -->
      </class> <!-- TechoSoft.TEST.TC903UserEntry -->
    </test> <!-- Default test -->
  </suite> <!-- Default suite -->
</testng-results>
