<?xml version="1.0" encoding="UTF-8"?>
<!-- Generated by org.testng.reporters.JUnitXMLReporter -->
<testsuite hostname="DESKTOP-LVFEJFV" ignored="0" name="Test" tests="7" failures="0" timestamp="24 五月 2017 04:44:17 GMT" time="41.54" errors="0">
  <testcase name="Step01" time="0.778" classname="TechoSoft.TEST.TC901AdminLogin"/>
  <testcase name="Step02" time="0.951" classname="TechoSoft.TEST.TC901AdminLogin"/>
  <testcase name="Step03" time="1.177" classname="TechoSoft.TEST.TC901AdminLogin"/>
  <testcase name="Step04" time="11.03" classname="TechoSoft.TEST.TC901AdminLogin"/>
  <testcase name="Step01" time="5.551" classname="TechoSoft.TEST.TC903UserEntry"/>
  <testcase name="Step02" time="2.341" classname="TechoSoft.TEST.TC903UserEntry"/>
  <testcase name="Step03" time="2.455" classname="TechoSoft.TEST.TC903UserEntry"/>
</testsuite> <!-- Test -->
